<?xml version="1.0" encoding="UTF-8"?>
<!-- Generated by org.testng.reporters.JUnitReportReporter -->
<testsuite hostname="Huawei-PC" failures="0" tests="4" name="Header.Header_Tests" time="49.674" errors="0" timestamp="2023-02-06T18:21:42 EET" skipped="0">
  <testcase classname="Header.Header_Tests" name="case_1" time="13.026"/>
  <system-out/>
  <testcase classname="Header.Header_Tests" name="case_2" time="11.645"/>
  <system-out/>
  <testcase classname="Header.Header_Tests" name="case_3" time="14.455"/>
  <system-out/>
  <testcase classname="Header.Header_Tests" name="case_4" time="10.548"/>
  <system-out/>
</testsuite> <!-- Header.Header_Tests -->
