<?xml version="1.0" encoding="UTF-8"?>
<!-- Generated by org.testng.reporters.JUnitReportReporter -->
<testsuite hostname="Huawei-PC" failures="0" tests="6" name="Header.Profile_Tab.Profile_Tab_Tests" time="76.887" errors="0" timestamp="2023-02-06T18:21:42 EET" skipped="0">
  <testcase classname="Header.Profile_Tab.Profile_Tab_Tests" name="case_6" time="10.796"/>
  <system-out/>
  <testcase classname="Header.Profile_Tab.Profile_Tab_Tests" name="case_5" time="13.455"/>
  <system-out/>
  <testcase classname="Header.Profile_Tab.Profile_Tab_Tests" name="case_2" time="13.442"/>
  <system-out/>
  <testcase classname="Header.Profile_Tab.Profile_Tab_Tests" name="case_4" time="11.890"/>
  <system-out/>
  <testcase classname="Header.Profile_Tab.Profile_Tab_Tests" name="case_1" time="13.637"/>
  <system-out/>
  <testcase classname="Header.Profile_Tab.Profile_Tab_Tests" name="case_3" time="13.667"/>
  <system-out/>
</testsuite> <!-- Header.Profile_Tab.Profile_Tab_Tests -->
