<?xml version="1.0" encoding="UTF-8"?>
<!-- Generated by org.testng.reporters.JUnitReportReporter -->
<testsuite hostname="Huawei-PC" failures="0" tests="4" name="Header.Header_Tests" time="53.801" errors="0" timestamp="2023-02-08T15:39:44 EET" skipped="0">
  <testcase classname="Header.Header_Tests" name="case_2" time="12.677"/>
  <system-out/>
  <testcase classname="Header.Header_Tests" name="case_1" time="11.860"/>
  <system-out/>
  <testcase classname="Header.Header_Tests" name="case_3" time="15.474"/>
  <system-out/>
  <testcase classname="Header.Header_Tests" name="case_4" time="13.790"/>
  <system-out/>
</testsuite> <!-- Header.Header_Tests -->
