<?xml version="1.0" encoding="UTF-8"?>
<!-- Generated by org.testng.reporters.JUnitReportReporter -->
<testsuite hostname="Huawei-PC" failures="0" tests="4" name="Header.Header_Tests" time="58.117" errors="0" timestamp="2023-02-13T11:55:01 EET" skipped="0">
  <testcase classname="Header.Header_Tests" name="case_2" time="12.548"/>
  <system-out/>
  <testcase classname="Header.Header_Tests" name="case_1" time="13.691"/>
  <system-out/>
  <testcase classname="Header.Header_Tests" name="case_4" time="16.612"/>
  <system-out/>
  <testcase classname="Header.Header_Tests" name="case_3" time="15.266"/>
  <system-out/>
</testsuite> <!-- Header.Header_Tests -->
