<?xml version="1.0" encoding="UTF-8"?>
<!-- Generated by org.testng.reporters.JUnitReportReporter -->
<testsuite hostname="Huawei-PC" failures="0" tests="1" name="Main_code.MainCode" time="30.888" errors="0" timestamp="2023-02-13T11:55:01 EET" skipped="0">
  <testcase classname="Main_code.MainCode" name="mainCode" time="30.888"/>
  <system-out/>
</testsuite> <!-- Main_code.MainCode -->
